<?xml version="1.0" encoding="UTF-8"?>
<!-- Generated by org.testng.reporters.JUnitReportReporter -->
<testsuite hostname="Arun" failures="0" tests="4" name="TestScript.homepage" time="100.247" errors="0" timestamp="2023-07-25T07:08:13 IST" skipped="0">
  <testcase classname="TestScript.homepage" name="test1" time="80.760"/>
  <system-out/>
  <testcase classname="TestScript.homepage" name="test2" time="16.000"/>
  <system-out/>
  <testcase classname="TestScript.homepage" name="titleCheck" time="0.620"/>
  <system-out/>
  <testcase classname="TestScript.homepage" name="excelTest" time="2.867"/>
  <system-out/>
</testsuite> <!-- TestScript.homepage -->
