<?xml version="1.0" encoding="UTF-8"?>
<!-- Generated by org.testng.reporters.JUnitReportReporter -->
<testsuite hostname="Arun" failures="0" tests="3" name="TestScript.DataTesting" time="0.323" errors="0" timestamp="2023-07-25T07:10:36 IST" skipped="0">
  <testcase classname="TestScript.DataTesting" name="dataIntegration" time="0.016"/>
  <system-out/>
  <testcase classname="TestScript.DataTesting" name="dataIntegration" time="0.286"/>
  <system-out/>
  <testcase classname="TestScript.DataTesting" name="parameterData" time="0.021"/>
  <system-out/>
</testsuite> <!-- TestScript.DataTesting -->
