<?xml version="1.0" encoding="UTF-8"?>
<!-- Generated by org.testng.reporters.JUnitReportReporter -->
<testsuite hostname="Arun" failures="0" tests="3" name="TestScript.greenKartHomePage" time="64.271" errors="0" timestamp="2023-07-25T07:08:13 IST" skipped="0">
  <testcase classname="TestScript.greenKartHomePage" name="test1" time="0.015"/>
  <system-out/>
  <testcase classname="TestScript.greenKartHomePage" name="searchBox" time="13.620"/>
  <system-out/>
  <testcase classname="TestScript.greenKartHomePage" name="espn" time="50.636"/>
  <system-out/>
</testsuite> <!-- TestScript.greenKartHomePage -->
