<?xml version="1.0" encoding="UTF-8"?>
<!-- Generated by org.testng.reporters.JUnitReportReporter -->
<testsuite hostname="Arun" failures="0" tests="3" name="TestScript.greenKartHomePage" time="37.283" errors="0" timestamp="2023-07-28T07:03:07 IST" skipped="0">
  <testcase classname="TestScript.greenKartHomePage" name="test1" time="0.002"/>
  <testcase classname="TestScript.greenKartHomePage" name="espn" time="24.488"/>
  <testcase classname="TestScript.greenKartHomePage" name="searchBox" time="12.793"/>
</testsuite> <!-- TestScript.greenKartHomePage -->
