<?xml version="1.0" encoding="UTF-8"?>
<!-- Generated by org.testng.reporters.JUnitReportReporter -->
<testsuite hostname="Arun" failures="0" tests="3" name="TestScript.DataTesting" time="0.081" errors="0" timestamp="2023-07-28T07:03:07 IST" skipped="0">
  <testcase classname="TestScript.DataTesting" name="dataIntegration" time="0.006"/>
  <testcase classname="TestScript.DataTesting" name="parameterData" time="0.019"/>
  <testcase classname="TestScript.DataTesting" name="dataIntegration" time="0.056"/>
</testsuite> <!-- TestScript.DataTesting -->
